#
# There is insufficient memory for the Java Runtime Environment to continue.
# Native memory allocation (mmap) failed to map 266338304 bytes for G1 virtual space
# Possible reasons:
#   The system is out of physical RAM or swap space
#   The process is running with CompressedOops enabled, and the Java Heap may be blocking the growth of the native heap
# Possible solutions:
#   Reduce memory load on the system
#   Increase physical memory or swap space
#   Check if swap backing store is full
#   Decrease Java heap size (-Xmx/-Xms)
#   Decrease number of Java threads
#   Decrease Java thread stack sizes (-Xss)
#   Set larger code cache with -XX:ReservedCodeCacheSize=
#   JVM is running with Zero Based Compressed Oops mode in which the Java heap is
#     placed in the first 32GB address space. The Java Heap base address is the
#     maximum limit for the native heap growth. Please use -XX:HeapBaseMinAddress
#     to set the Java Heap base and to place the Java Heap above 32GB virtual address.
# This output file may be truncated or incomplete.
#
#  Out of Memory Error (os_windows.cpp:3617), pid=14404, tid=18528
#
# JRE version:  (17.0.8.1+1) (build )
# Java VM: OpenJDK 64-Bit Server VM (17.0.8.1+1, mixed mode, sharing, tiered, compressed oops, compressed class ptrs, g1 gc, windows-amd64)
# No core dump will be written. Minidumps are not enabled by default on client versions of Windows
#

---------------  S U M M A R Y ------------

Command Line: -Dfile.encoding=UTF-8 -Dstdout.encoding=UTF-8 -Dstderr.encoding=UTF-8 -XX:+ShowCodeDetailsInExceptionMessages ecommerce.Menu

Host: Intel(R) Core(TM) i7-10750H CPU @ 2.60GHz, 12 cores, 15G,  Windows 11 , 64 bit Build 22621 (10.0.22621.2506)
Time: Fri Dec 22 16:44:44 2023 Hora oficial do Brasil elapsed time: 0.027598 seconds (0d 0h 0m 0s)

---------------  T H R E A D  ---------------

Current thread (0x000001fe4b9d50b0):  JavaThread "Unknown thread" [_thread_in_vm, id=18528, stack(0x00000033e5400000,0x00000033e5500000)]

Stack: [0x00000033e5400000,0x00000033e5500000]
Native frames: (J=compiled Java code, j=interpreted, Vv=VM code, C=native code)
V  [jvm.dll+0x678b0a]
V  [jvm.dll+0x835e84]
V  [jvm.dll+0x83762e]
V  [jvm.dll+0x837c93]
V  [jvm.dll+0x24746f]
V  [jvm.dll+0x675859]
V  [jvm.dll+0x66a0ea]
V  [jvm.dll+0x306c7b]
V  [jvm.dll+0x30e166]
V  [jvm.dll+0x35dd3e]
V  [jvm.dll+0x35df6f]
V  [jvm.dll+0x2ddb48]
V  [jvm.dll+0x2deab4]
V  [jvm.dll+0x807f31]
V  [jvm.dll+0x36bb21]
V  [jvm.dll+0x7e733c]
V  [jvm.dll+0x3ee4af]
V  [jvm.dll+0x3f00c1]
C  [jli.dll+0x528b]
C  [ucrtbase.dll+0x29363]
C  [KERNEL32.DLL+0x1257d]
C  [ntdll.dll+0x5aa58]


---------------  P R O C E S S  ---------------

Threads class SMR info:
_java_thread_list=0x00007ffa56e6a018, length=0, elements={
}

Java Threads: ( => current thread )

Other Threads:
  0x000001fe4ba44210 GCTaskThread "GC Thread#0" [stack: 0x00000033e5500000,0x00000033e5600000] [id=22876]
  0x000001fe4ba55700 ConcurrentGCThread "G1 Main Marker" [stack: 0x00000033e5600000,0x00000033e5700000] [id=19664]
  0x000001fe4ba56110 ConcurrentGCThread "G1 Conc#0" [stack: 0x00000033e5700000,0x00000033e5800000] [id=12572]

[error occurred during error reporting (printing all threads), id 0xc0000005, EXCEPTION_ACCESS_VIOLATION (0xc0000005) at pc=0x00007ffa5663e587]

VM state: not at safepoint (not fully initialized)

VM Mutex/Monitor currently owned by a thread:  ([mutex/lock_event])
[0x000001fe4b9cfa40] Heap_lock - owner thread: 0x000001fe4b9d50b0

Heap address: 0x0000000702000000, size: 4064 MB, Compressed Oops mode: Zero based, Oop shift amount: 3

CDS archive(s) mapped at: [0x0000000000000000-0x0000000000000000-0x0000000000000000), size 0, SharedBaseAddress: 0x0000000800000000, ArchiveRelocationMode: 1.
Narrow klass base: 0x0000000000000000, Narrow klass shift: 0, Narrow klass range: 0x0

GC Precious Log:
<Empty>

Heap:
 garbage-first heap   total 0K, used 0K [0x0000000702000000, 0x0000000800000000)
  region size 2048K, 0 young (0K), 0 survivors (0K)

[error occurred during error reporting (printing heap information), id 0xc0000005, EXCEPTION_ACCESS_VIOLATION (0xc0000005) at pc=0x00007ffa56a22699]

GC Heap History (0 events):
No events

Dll operation events (1 events):
Event: 0.019 Loaded shared library C:\Program Files\sts-4.20.1.RELEASE\plugins\org.eclipse.justj.openjdk.hotspot.jre.full.win32.x86_64_17.0.8.v20230831-1047\jre\bin\java.dll

Deoptimization events (0 events):
No events

Classes unloaded (0 events):
No events

Classes redefined (0 events):
No events

Internal exceptions (0 events):
No events

VM Operations (0 events):
No events

Events (0 events):
No events


Dynamic libraries:
0x00007ff6ba220000 - 0x00007ff6ba22e000 	C:\Program Files\sts-4.20.1.RELEASE\plugins\org.eclipse.justj.openjdk.hotspot.jre.full.win32.x86_64_17.0.8.v20230831-1047\jre\bin\javaw.exe
0x00007ffab53d0000 - 0x00007ffab55e7000 	C:\WINDOWS\SYSTEM32\ntdll.dll
0x00007ffab3ff0000 - 0x00007ffab40b4000 	C:\WINDOWS\System32\KERNEL32.DLL
0x00007ffab2770000 - 0x00007ffab2b16000 	C:\WINDOWS\System32\KERNELBASE.dll
0x00007ffab2dd0000 - 0x00007ffab2ee1000 	C:\WINDOWS\System32\ucrtbase.dll
0x00007ffa86ce0000 - 0x00007ffa86cf7000 	C:\Program Files\sts-4.20.1.RELEASE\plugins\org.eclipse.justj.openjdk.hotspot.jre.full.win32.x86_64_17.0.8.v20230831-1047\jre\bin\jli.dll
0x00007ffa86a50000 - 0x00007ffa86a69000 	C:\Program Files\sts-4.20.1.RELEASE\plugins\org.eclipse.justj.openjdk.hotspot.jre.full.win32.x86_64_17.0.8.v20230831-1047\jre\bin\VCRUNTIME140.dll
0x00007ffab4e30000 - 0x00007ffab4fde000 	C:\WINDOWS\System32\USER32.dll
0x00007ffab2740000 - 0x00007ffab2766000 	C:\WINDOWS\System32\win32u.dll
0x00007ffab5050000 - 0x00007ffab5079000 	C:\WINDOWS\System32\GDI32.dll
0x00007ffab18f0000 - 0x00007ffab1b83000 	C:\WINDOWS\WinSxS\amd64_microsoft.windows.common-controls_6595b64144ccf1df_6.0.22621.2506_none_270c5ae97388e100\COMCTL32.dll
0x00007ffab2cb0000 - 0x00007ffab2dc8000 	C:\WINDOWS\System32\gdi32full.dll
0x00007ffab3270000 - 0x00007ffab3317000 	C:\WINDOWS\System32\msvcrt.dll
0x00007ffab2ba0000 - 0x00007ffab2c3a000 	C:\WINDOWS\System32\msvcp_win.dll
0x00007ffab4d90000 - 0x00007ffab4dc1000 	C:\WINDOWS\System32\IMM32.DLL
0x00007ffaa2060000 - 0x00007ffaa206c000 	C:\Program Files\sts-4.20.1.RELEASE\plugins\org.eclipse.justj.openjdk.hotspot.jre.full.win32.x86_64_17.0.8.v20230831-1047\jre\bin\vcruntime140_1.dll
0x00007ffa79ef0000 - 0x00007ffa79f81000 	C:\Program Files\sts-4.20.1.RELEASE\plugins\org.eclipse.justj.openjdk.hotspot.jre.full.win32.x86_64_17.0.8.v20230831-1047\jre\bin\msvcp140.dll
0x00007ffa56350000 - 0x00007ffa56f9c000 	C:\Program Files\sts-4.20.1.RELEASE\plugins\org.eclipse.justj.openjdk.hotspot.jre.full.win32.x86_64_17.0.8.v20230831-1047\jre\bin\server\jvm.dll
0x00007ffab35b0000 - 0x00007ffab3661000 	C:\WINDOWS\System32\ADVAPI32.dll
0x00007ffab5080000 - 0x00007ffab5125000 	C:\WINDOWS\System32\sechost.dll
0x00007ffab40c0000 - 0x00007ffab41d7000 	C:\WINDOWS\System32\RPCRT4.dll
0x00007ffaab440000 - 0x00007ffaab474000 	C:\WINDOWS\SYSTEM32\WINMM.dll
0x00007ffab2060000 - 0x00007ffab20ad000 	C:\WINDOWS\SYSTEM32\POWRPROF.dll
0x00007ffa99240000 - 0x00007ffa99249000 	C:\WINDOWS\SYSTEM32\WSOCK32.dll
0x00007ffaa07d0000 - 0x00007ffaa07da000 	C:\WINDOWS\SYSTEM32\VERSION.dll
0x00007ffab3430000 - 0x00007ffab34a1000 	C:\WINDOWS\System32\WS2_32.dll
0x00007ffab1c00000 - 0x00007ffab1c13000 	C:\WINDOWS\SYSTEM32\UMPDC.dll
0x00007ffab0f00000 - 0x00007ffab0f18000 	C:\WINDOWS\SYSTEM32\kernel.appcore.dll
0x00007ffaac7b0000 - 0x00007ffaac7ba000 	C:\Program Files\sts-4.20.1.RELEASE\plugins\org.eclipse.justj.openjdk.hotspot.jre.full.win32.x86_64_17.0.8.v20230831-1047\jre\bin\jimage.dll
0x00007ffab20b0000 - 0x00007ffab22e3000 	C:\WINDOWS\SYSTEM32\DBGHELP.DLL
0x00007ffab4250000 - 0x00007ffab45d9000 	C:\WINDOWS\System32\combase.dll
0x00007ffab34d0000 - 0x00007ffab35a7000 	C:\WINDOWS\System32\OLEAUT32.dll
0x00007ffab1f00000 - 0x00007ffab1f32000 	C:\WINDOWS\SYSTEM32\dbgcore.DLL
0x00007ffab2b20000 - 0x00007ffab2b9a000 	C:\WINDOWS\System32\bcryptPrimitives.dll
0x00007ffa8ce50000 - 0x00007ffa8ce75000 	C:\Program Files\sts-4.20.1.RELEASE\plugins\org.eclipse.justj.openjdk.hotspot.jre.full.win32.x86_64_17.0.8.v20230831-1047\jre\bin\java.dll

dbghelp: loaded successfully - version: 4.0.5 - missing functions: none
symbol engine: initialized successfully - sym options: 0x614 - pdb path: .;C:\Program Files\sts-4.20.1.RELEASE\plugins\org.eclipse.justj.openjdk.hotspot.jre.full.win32.x86_64_17.0.8.v20230831-1047\jre\bin;C:\WINDOWS\SYSTEM32;C:\WINDOWS\WinSxS\amd64_microsoft.windows.common-controls_6595b64144ccf1df_6.0.22621.2506_none_270c5ae97388e100;C:\Program Files\sts-4.20.1.RELEASE\plugins\org.eclipse.justj.openjdk.hotspot.jre.full.win32.x86_64_17.0.8.v20230831-1047\jre\bin\server

VM Arguments:
jvm_args: -Dfile.encoding=UTF-8 -Dstdout.encoding=UTF-8 -Dstderr.encoding=UTF-8 -XX:+ShowCodeDetailsInExceptionMessages 
java_command: ecommerce.Menu
java_class_path (initial): C:\Users\maril\Documents\workspace-spring-tool-suite-4-4.20.1.RELEASE\projeto-java\bin
Launcher Type: SUN_STANDARD

[Global flags]
     intx CICompilerCount                          = 4                                         {product} {ergonomic}
     uint ConcGCThreads                            = 3                                         {product} {ergonomic}
     uint G1ConcRefinementThreads                  = 10                                        {product} {ergonomic}
   size_t G1HeapRegionSize                         = 2097152                                   {product} {ergonomic}
    uintx GCDrainStackTargetSize                   = 64                                        {product} {ergonomic}
   size_t InitialHeapSize                          = 266338304                                 {product} {ergonomic}
   size_t MarkStackSize                            = 4194304                                   {product} {ergonomic}
   size_t MaxHeapSize                              = 4261412864                                {product} {ergonomic}
   size_t MinHeapDeltaBytes                        = 2097152                                   {product} {ergonomic}
   size_t MinHeapSize                              = 8388608                                   {product} {ergonomic}
    uintx NonNMethodCodeHeapSize                   = 5839372                                {pd product} {ergonomic}
    uintx NonProfiledCodeHeapSize                  = 122909434                              {pd product} {ergonomic}
    uintx ProfiledCodeHeapSize                     = 122909434                              {pd product} {ergonomic}
    uintx ReservedCodeCacheSize                    = 251658240                              {pd product} {ergonomic}
     bool SegmentedCodeCache                       = true                                      {product} {ergonomic}
     bool ShowCodeDetailsInExceptionMessages       = true                                   {manageable} {command line}
   size_t SoftMaxHeapSize                          = 4261412864                             {manageable} {ergonomic}
     bool UseCompressedClassPointers               = true                           {product lp64_product} {ergonomic}
     bool UseCompressedOops                        = true                           {product lp64_product} {ergonomic}
     bool UseG1GC                                  = true                                      {product} {ergonomic}
     bool UseLargePagesIndividualAllocation        = false                                  {pd product} {ergonomic}

Logging:
Log output configuration:
 #0: stdout all=warning uptime,level,tags
 #1: stderr all=off uptime,level,tags

Environment Variables:
JAVA_HOME=C:\Program Files\Java\jdk-17
PATH=C:/Program Files/sts-4.20.1.RELEASE//plugins/org.eclipse.justj.openjdk.hotspot.jre.full.win32.x86_64_17.0.8.v20230831-1047/jre/bin/server;C:/Program Files/sts-4.20.1.RELEASE//plugins/org.eclipse.justj.openjdk.hotspot.jre.full.win32.x86_64_17.0.8.v20230831-1047/jre/bin;C:\Program Files\Common Files\Oracle\Java\javapath;C:\Python311\Scripts\;C:\Python311\;C:\Windows\system32;C:\Windows;C:\Windows\System32\Wbem;C:\Windows\System32\WindowsPowerShell\v1.0\;C:\Windows\System32\OpenSSH\;C:\Program Files (x86)\NVIDIA Corporation\PhysX\Common;C:\Program Files\NVIDIA Corporation\NVIDIA NvDLISR;C:\WINDOWS\system32;C:\WINDOWS;C:\WINDOWS\System32\Wbem;C:\WINDOWS\System32\WindowsPowerShell\v1.0\;C:\WINDOWS\System32\OpenSSH\;C:\Users\maril\AppData\Local\Programs\Python\Python311\Scripts;C:\ProgramData\chocolatey\bin;C:\Program Files\nodejs\;C:\Program Files\Git\cmd;C:\Program Files\Java\jdk-17;;C:\ProgramData\UNIVALI\Portugol Studio;C:\Users\maril\AppData\Local\Microsoft\WindowsApps;C:\Users\maril\AppData\Local\Programs\Microsoft VS Code\bin;C:\Users\maril\AppData\Roaming\npm;C:\Program Files\JetBrains\IntelliJ IDEA Community Edition 2023.2.2\bin;C:\Program Files\sts-4.20.1.RELEASE;
USERNAME=maril
OS=Windows_NT
PROCESSOR_IDENTIFIER=Intel64 Family 6 Model 165 Stepping 2, GenuineIntel
TMP=C:\Users\maril\AppData\Local\Temp
TEMP=C:\Users\maril\AppData\Local\Temp



---------------  S Y S T E M  ---------------

OS:
 Windows 11 , 64 bit Build 22621 (10.0.22621.2506)
OS uptime: 7 days 19:00 hours

CPU: total 12 (initial active 12) (6 cores per cpu, 2 threads per core) family 6 model 165 stepping 2 microcode 0xf6, cx8, cmov, fxsr, ht, mmx, 3dnowpref, sse, sse2, sse3, ssse3, sse4.1, sse4.2, popcnt, lzcnt, tsc, tscinvbit, avx, avx2, aes, erms, clmul, bmi1, bmi2, adx, fma, vzeroupper, clflush, clflushopt
Processor Information for all 12 processors :
  Max Mhz: 2592, Current Mhz: 2592, Mhz Limit: 2592

Memory: 4k page, system-wide physical 16251M (502M free)
TotalPageFile size 65403M (AvailPageFile size 148M)
current process WorkingSet (physical memory assigned to process): 11M, peak: 11M
current process commit charge ("private bytes"): 64M, peak: 318M

vm_info: OpenJDK 64-Bit Server VM (17.0.8.1+1) for windows-amd64 JRE (17.0.8.1+1), built on Aug 23 2023 15:29:17 by "admin" with MS VC++ 16.7 (VS2019)

END.
